<?xml version="1.0" encoding="UTF-8"?>
<!-- Generated by org.testng.reporters.JUnitXMLReporter -->
<testsuite hostname="atifansari-2" failures="0" tests="4" name="Default test" time="52.736" errors="0" timestamp="12 Feb 2018 22:38:26 GMT">
  <testcase classname="com.crm.testcases.ContactsPageTest" name="createContacts" time="3.156"/>
  <testcase classname="com.crm.testcases.ContactsPageTest" name="createContacts" time="2.63"/>
  <testcase classname="com.crm.testcases.ContactsPageTest" name="createContacts" time="2.715"/>
  <testcase classname="com.crm.testcases.ContactsPageTest" name="createContacts" time="2.586"/>
</testsuite> <!-- Default test -->
